<?xml version="1.0" encoding="UTF-8"?>
<testng-results skipped="0" failed="0" ignored="0" total="1" passed="1">
  <reporter-output>
  </reporter-output>
  <suite name="Default suite" duration-ms="39175" started-at="2017-07-31T04:44:42Z" finished-at="2017-07-31T04:45:21Z">
    <groups>
    </groups>
    <test name="Default test" duration-ms="39175" started-at="2017-07-31T04:44:42Z" finished-at="2017-07-31T04:45:21Z">
      <class name="test.TestCase_Messaging">
        <test-method status="PASS" signature="testCode()[pri:0, instance:test.TestCase_Messaging@2b98378d]" name="testCode" duration-ms="39152" started-at="2017-07-31T10:14:42Z" finished-at="2017-07-31T10:15:21Z">
          <reporter-output>
          </reporter-output>
        </test-method> <!-- testCode -->
      </class> <!-- test.TestCase_Messaging -->
    </test> <!-- Default test -->
  </suite> <!-- Default suite -->
</testng-results>
